Release 14.7 - xst P.20131013 (nt64)
Copyright (c) 1995-2013 Xilinx, Inc.  All rights reserved.
--> Parameter TMPDIR set to xst/projnav.tmp


Total REAL time to Xst completion: 0.00 secs
Total CPU time to Xst completion: 0.13 secs
 
--> Parameter xsthdpdir set to xst


Total REAL time to Xst completion: 0.00 secs
Total CPU time to Xst completion: 0.13 secs
 
--> Reading design: rotatingDot.prj

TABLE OF CONTENTS
  1) Synthesis Options Summary
  2) HDL Compilation
  3) Design Hierarchy Analysis
  4) HDL Analysis
  5) HDL Synthesis
     5.1) HDL Synthesis Report
  6) Advanced HDL Synthesis
     6.1) Advanced HDL Synthesis Report
  7) Low Level Synthesis
  8) Partition Report
  9) Final Report
	9.1) Device utilization summary
	9.2) Partition Resource Summary
	9.3) TIMING REPORT


=========================================================================
*                      Synthesis Options Summary                        *
=========================================================================
---- Source Parameters
Input File Name                    : "rotatingDot.prj"
Input Format                       : mixed
Ignore Synthesis Constraint File   : NO

---- Target Parameters
Output File Name                   : "rotatingDot"
Output Format                      : NGC
Target Device                      : xc3s100e-4-cp132

---- Source Options
Top Module Name                    : rotatingDot
Automatic FSM Extraction           : YES
FSM Encoding Algorithm             : Auto
Safe Implementation                : No
FSM Style                          : LUT
RAM Extraction                     : Yes
RAM Style                          : Auto
ROM Extraction                     : Yes
Mux Style                          : Auto
Decoder Extraction                 : YES
Priority Encoder Extraction        : Yes
Shift Register Extraction          : YES
Logical Shifter Extraction         : YES
XOR Collapsing                     : YES
ROM Style                          : Auto
Mux Extraction                     : Yes
Resource Sharing                   : YES
Asynchronous To Synchronous        : NO
Multiplier Style                   : Auto
Automatic Register Balancing       : No

---- Target Options
Add IO Buffers                     : YES
Global Maximum Fanout              : 500
Add Generic Clock Buffer(BUFG)     : 24
Register Duplication               : YES
Slice Packing                      : YES
Optimize Instantiated Primitives   : NO
Use Clock Enable                   : Yes
Use Synchronous Set                : Yes
Use Synchronous Reset              : Yes
Pack IO Registers into IOBs        : Auto
Equivalent register Removal        : YES

---- General Options
Optimization Goal                  : Speed
Optimization Effort                : 1
Keep Hierarchy                     : No
Netlist Hierarchy                  : As_Optimized
RTL Output                         : Yes
Global Optimization                : AllClockNets
Read Cores                         : YES
Write Timing Constraints           : NO
Cross Clock Analysis               : NO
Hierarchy Separator                : /
Bus Delimiter                      : <>
Case Specifier                     : Maintain
Slice Utilization Ratio            : 100
BRAM Utilization Ratio             : 100
Verilog 2001                       : YES
Auto BRAM Packing                  : NO
Slice Utilization Ratio Delta      : 5

=========================================================================


=========================================================================
*                          HDL Compilation                              *
=========================================================================
Compiling verilog file "rotatingDot.v" in library work
Module <rotatingDot> compiled
No errors in compilation
Analysis of file <"rotatingDot.prj"> succeeded.
 

=========================================================================
*                     Design Hierarchy Analysis                         *
=========================================================================
Analyzing hierarchy for module <rotatingDot> in library <work> with parameters.
	COUNT = "0000000000000000111111"


=========================================================================
*                            HDL Analysis                               *
=========================================================================
Analyzing top module <rotatingDot>.
	COUNT = 22'b0000000000000000111111
WARNING:Xst:916 - "rotatingDot.v" line 13: Delay is ignored for synthesis.
WARNING:Xst:916 - "rotatingDot.v" line 14: Delay is ignored for synthesis.
Module <rotatingDot> is correct for synthesis.
 

=========================================================================
*                           HDL Synthesis                               *
=========================================================================

Performing bidirectional port resolution...

Synthesizing Unit <rotatingDot>.
    Related source file is "rotatingDot.v".
    Found 8-bit register for signal <dataOut>.
    Found 22-bit register for signal <counter>.
    Found 22-bit adder for signal <counterNext$addsub0000> created at line 32.
    Summary:
	inferred  30 D-type flip-flop(s).
	inferred   1 Adder/Subtractor(s).
Unit <rotatingDot> synthesized.


=========================================================================
HDL Synthesis Report

Macro Statistics
# Adders/Subtractors                                   : 1
 22-bit adder                                          : 1
# Registers                                            : 2
 22-bit register                                       : 1
 8-bit register                                        : 1

=========================================================================

=========================================================================
*                       Advanced HDL Synthesis                          *
=========================================================================


=========================================================================
Advanced HDL Synthesis Report

Macro Statistics
# Adders/Subtractors                                   : 1
 22-bit adder                                          : 1
# Registers                                            : 30
 Flip-Flops                                            : 30

=========================================================================

=========================================================================
*                         Low Level Synthesis                           *
=========================================================================

Optimizing unit <rotatingDot> ...

Mapping all equations...
Building and optimizing final netlist ...
Found area constraint ratio of 100 (+ 5) on block rotatingDot, actual ratio is 3.

Final Macro Processing ...

=========================================================================
Final Register Report

Macro Statistics
# Registers                                            : 30
 Flip-Flops                                            : 30

=========================================================================

=========================================================================
*                           Partition Report                            *
=========================================================================

Partition Implementation Status
-------------------------------

  No Partitions were found in this design.

-------------------------------

=========================================================================
*                            Final Report                               *
=========================================================================
Final Results
RTL Top Level Output File Name     : rotatingDot.ngr
Top Level Output File Name         : rotatingDot
Output Format                      : NGC
Optimization Goal                  : Speed
Keep Hierarchy                     : No

Design Statistics
# IOs                              : 10

Cell Usage :
# BELS                             : 101
#      GND                         : 1
#      INV                         : 1
#      LUT1                        : 21
#      LUT2                        : 1
#      LUT3                        : 22
#      LUT4                        : 5
#      MUXCY                       : 27
#      VCC                         : 1
#      XORCY                       : 22
# FlipFlops/Latches                : 30
#      FD                          : 22
#      FDRE                        : 7
#      FDSE                        : 1
# Clock Buffers                    : 1
#      BUFGP                       : 1
# IO Buffers                       : 9
#      IBUF                        : 1
#      OBUF                        : 8
=========================================================================

Device utilization summary:
---------------------------

Selected Device : 3s100ecp132-4 

 Number of Slices:                       31  out of    960     3%  
 Number of Slice Flip Flops:             30  out of   1920     1%  
 Number of 4 input LUTs:                 50  out of   1920     2%  
 Number of IOs:                          10
 Number of bonded IOBs:                  10  out of     83    12%  
 Number of GCLKs:                         1  out of     24     4%  

---------------------------
Partition Resource Summary:
---------------------------

  No Partitions were found in this design.

---------------------------


=========================================================================
TIMING REPORT

NOTE: THESE TIMING NUMBERS ARE ONLY A SYNTHESIS ESTIMATE.
      FOR ACCURATE TIMING INFORMATION PLEASE REFER TO THE TRACE REPORT
      GENERATED AFTER PLACE-and-ROUTE.

Clock Information:
------------------
-----------------------------------+------------------------+-------+
Clock Signal                       | Clock buffer(FF name)  | Load  |
-----------------------------------+------------------------+-------+
clk                                | BUFGP                  | 30    |
-----------------------------------+------------------------+-------+

Asynchronous Control Signals Information:
----------------------------------------
No asynchronous control signals found in this design

Timing Summary:
---------------
Speed Grade: -4

   Minimum period: 5.773ns (Maximum Frequency: 173.220MHz)
   Minimum input arrival time before clock: 3.667ns
   Maximum output required time after clock: 4.310ns
   Maximum combinational path delay: No path found

Timing Detail:
--------------
All values displayed in nanoseconds (ns)

=========================================================================
Timing constraint: Default period analysis for Clock 'clk'
  Clock period: 5.773ns (frequency: 173.220MHz)
  Total number of paths / destination ports: 921 / 38
-------------------------------------------------------------------------
Delay:               5.773ns (Levels of Logic = 23)
  Source:            counter_1 (FF)
  Destination:       counter_21 (FF)
  Source Clock:      clk rising
  Destination Clock: clk rising

  Data Path: counter_1 to counter_21
                                Gate     Net
    Cell:in->out      fanout   Delay   Delay  Logical Name (Net Name)
    ----------------------------------------  ------------
     FD:C->Q               2   0.591   0.622  counter_1 (counter_1)
     LUT1:I0->O            1   0.704   0.000  Madd_counterNext_addsub0000_cy<1>_rt (Madd_counterNext_addsub0000_cy<1>_rt)
     MUXCY:S->O            1   0.464   0.000  Madd_counterNext_addsub0000_cy<1> (Madd_counterNext_addsub0000_cy<1>)
     MUXCY:CI->O           1   0.059   0.000  Madd_counterNext_addsub0000_cy<2> (Madd_counterNext_addsub0000_cy<2>)
     MUXCY:CI->O           1   0.059   0.000  Madd_counterNext_addsub0000_cy<3> (Madd_counterNext_addsub0000_cy<3>)
     MUXCY:CI->O           1   0.059   0.000  Madd_counterNext_addsub0000_cy<4> (Madd_counterNext_addsub0000_cy<4>)
     MUXCY:CI->O           1   0.059   0.000  Madd_counterNext_addsub0000_cy<5> (Madd_counterNext_addsub0000_cy<5>)
     MUXCY:CI->O           1   0.059   0.000  Madd_counterNext_addsub0000_cy<6> (Madd_counterNext_addsub0000_cy<6>)
     MUXCY:CI->O           1   0.059   0.000  Madd_counterNext_addsub0000_cy<7> (Madd_counterNext_addsub0000_cy<7>)
     MUXCY:CI->O           1   0.059   0.000  Madd_counterNext_addsub0000_cy<8> (Madd_counterNext_addsub0000_cy<8>)
     MUXCY:CI->O           1   0.059   0.000  Madd_counterNext_addsub0000_cy<9> (Madd_counterNext_addsub0000_cy<9>)
     MUXCY:CI->O           1   0.059   0.000  Madd_counterNext_addsub0000_cy<10> (Madd_counterNext_addsub0000_cy<10>)
     MUXCY:CI->O           1   0.059   0.000  Madd_counterNext_addsub0000_cy<11> (Madd_counterNext_addsub0000_cy<11>)
     MUXCY:CI->O           1   0.059   0.000  Madd_counterNext_addsub0000_cy<12> (Madd_counterNext_addsub0000_cy<12>)
     MUXCY:CI->O           1   0.059   0.000  Madd_counterNext_addsub0000_cy<13> (Madd_counterNext_addsub0000_cy<13>)
     MUXCY:CI->O           1   0.059   0.000  Madd_counterNext_addsub0000_cy<14> (Madd_counterNext_addsub0000_cy<14>)
     MUXCY:CI->O           1   0.059   0.000  Madd_counterNext_addsub0000_cy<15> (Madd_counterNext_addsub0000_cy<15>)
     MUXCY:CI->O           1   0.059   0.000  Madd_counterNext_addsub0000_cy<16> (Madd_counterNext_addsub0000_cy<16>)
     MUXCY:CI->O           1   0.059   0.000  Madd_counterNext_addsub0000_cy<17> (Madd_counterNext_addsub0000_cy<17>)
     MUXCY:CI->O           1   0.059   0.000  Madd_counterNext_addsub0000_cy<18> (Madd_counterNext_addsub0000_cy<18>)
     MUXCY:CI->O           1   0.059   0.000  Madd_counterNext_addsub0000_cy<19> (Madd_counterNext_addsub0000_cy<19>)
     MUXCY:CI->O           0   0.059   0.000  Madd_counterNext_addsub0000_cy<20> (Madd_counterNext_addsub0000_cy<20>)
     XORCY:CI->O           1   0.804   0.455  Madd_counterNext_addsub0000_xor<21> (counterNext_addsub0000<21>)
     LUT3:I2->O            1   0.704   0.000  counterNext<21>1 (counterNext<21>)
     FD:D                      0.308          counter_21
    ----------------------------------------
    Total                      5.773ns (4.696ns logic, 1.077ns route)
                                       (81.3% logic, 18.7% route)

=========================================================================
Timing constraint: Default OFFSET IN BEFORE for Clock 'clk'
  Total number of paths / destination ports: 30 / 30
-------------------------------------------------------------------------
Offset:              3.667ns (Levels of Logic = 2)
  Source:            rst (PAD)
  Destination:       counter_0 (FF)
  Destination Clock: clk rising

  Data Path: rst to counter_0
                                Gate     Net
    Cell:in->out      fanout   Delay   Delay  Logical Name (Net Name)
    ----------------------------------------  ------------
     IBUF:I->O            30   1.218   1.437  rst_IBUF (rst_IBUF)
     LUT3:I0->O            1   0.704   0.000  counterNext<0>1 (counterNext<0>)
     FD:D                      0.308          counter_0
    ----------------------------------------
    Total                      3.667ns (2.230ns logic, 1.437ns route)
                                       (60.8% logic, 39.2% route)

=========================================================================
Timing constraint: Default OFFSET OUT AFTER for Clock 'clk'
  Total number of paths / destination ports: 8 / 8
-------------------------------------------------------------------------
Offset:              4.310ns (Levels of Logic = 1)
  Source:            dataOut_7 (FF)
  Destination:       dataOut<7> (PAD)
  Source Clock:      clk rising

  Data Path: dataOut_7 to dataOut<7>
                                Gate     Net
    Cell:in->out      fanout   Delay   Delay  Logical Name (Net Name)
    ----------------------------------------  ------------
     FDSE:C->Q             2   0.591   0.447  dataOut_7 (dataOut_7)
     OBUF:I->O                 3.272          dataOut_7_OBUF (dataOut<7>)
    ----------------------------------------
    Total                      4.310ns (3.863ns logic, 0.447ns route)
                                       (89.6% logic, 10.4% route)

=========================================================================


Total REAL time to Xst completion: 4.00 secs
Total CPU time to Xst completion: 4.02 secs
 
--> 

Total memory usage is 4498844 kilobytes

Number of errors   :    0 (   0 filtered)
Number of warnings :    2 (   0 filtered)
Number of infos    :    0 (   0 filtered)

