--------------------------------------------------------------------------------
Release 14.7 Trace  (nt64)
Copyright (c) 1995-2013 Xilinx, Inc.  All rights reserved.

C:\Xilinx\14.7\ISE_DS\ISE\bin\nt64\unwrapped\trce.exe -intstyle ise -v 3 -s 4
-n 3 -fastpaths -xml LedCPUwithRAM.twx LedCPUwithRAM.ncd -o LedCPUwithRAM.twr
LedCPUwithRAM.pcf

Design file:              LedCPUwithRAM.ncd
Physical constraint file: LedCPUwithRAM.pcf
Device,package,speed:     xc3s100e,cp132,-4 (PRODUCTION 1.27 2013-10-13)
Report level:             verbose report

Environment Variable      Effect 
--------------------      ------ 
NONE                      No environment variables were set
--------------------------------------------------------------------------------

INFO:Timing:2698 - No timing constraints found, doing default enumeration.
INFO:Timing:3412 - To improve timing, see the Timing Closure User Guide (UG612).
INFO:Timing:2752 - To get complete path coverage, use the unconstrained paths 
   option. All paths that are not constrained will be reported in the 
   unconstrained paths section(s) of the report.
INFO:Timing:3339 - The clock-to-out numbers in this timing report are based on 
   a 50 Ohm transmission line loading model.  For the details of this model, 
   and for more information on accounting for different loading conditions, 
   please see the device datasheet.
INFO:Timing:3390 - This architecture does not support a default System Jitter 
   value, please add SYSTEM_JITTER constraint to the UCF to modify the Clock 
   Uncertainty calculation.
INFO:Timing:3389 - This architecture does not support 'Discrete Jitter' and 
   'Phase Error' calculations, these terms will be zero in the Clock 
   Uncertainty calculation.  Please make appropriate modification to 
   SYSTEM_JITTER to account for the unsupported Discrete Jitter and Phase 
   Error.



Data Sheet report:
-----------------
All values displayed in nanoseconds (ns)

Setup/Hold to clock clk
------------+------------+------------+------------------+--------+
            |Max Setup to|Max Hold to |                  | Clock  |
Source      | clk (edge) | clk (edge) |Internal Clock(s) | Phase  |
------------+------------+------------+------------------+--------+
enter       |    3.079(R)|    0.691(R)|clk_BUFGP         |   0.000|
rst         |    3.867(R)|    0.739(R)|clk_BUFGP         |   0.000|
switch<0>   |    0.626(R)|    0.958(R)|clk_BUFGP         |   0.000|
switch<1>   |    0.583(R)|    0.927(R)|clk_BUFGP         |   0.000|
switch<2>   |    0.901(R)|    0.639(R)|clk_BUFGP         |   0.000|
switch<3>   |    0.959(R)|    0.612(R)|clk_BUFGP         |   0.000|
switch<4>   |    1.061(R)|    0.639(R)|clk_BUFGP         |   0.000|
switch<5>   |    1.135(R)|    0.490(R)|clk_BUFGP         |   0.000|
switch<6>   |    0.616(R)|    0.987(R)|clk_BUFGP         |   0.000|
switch<7>   |    1.213(R)|    0.553(R)|clk_BUFGP         |   0.000|
------------+------------+------------+------------------+--------+

Clock clk to Pad
-------------+------------+------------------+--------+
             | clk (edge) |                  | Clock  |
Destination  |   to PAD   |Internal Clock(s) | Phase  |
-------------+------------+------------------+--------+
outPattern<0>|    8.133(R)|clk_BUFGP         |   0.000|
outPattern<1>|    7.007(R)|clk_BUFGP         |   0.000|
outPattern<2>|    7.343(R)|clk_BUFGP         |   0.000|
outPattern<3>|    7.812(R)|clk_BUFGP         |   0.000|
outPattern<4>|    7.631(R)|clk_BUFGP         |   0.000|
outPattern<5>|    7.566(R)|clk_BUFGP         |   0.000|
outPattern<6>|    8.245(R)|clk_BUFGP         |   0.000|
outPattern<7>|    7.560(R)|clk_BUFGP         |   0.000|
-------------+------------+------------------+--------+

Clock to Setup on destination clock clk
---------------+---------+---------+---------+---------+
               | Src:Rise| Src:Fall| Src:Rise| Src:Fall|
Source Clock   |Dest:Rise|Dest:Rise|Dest:Fall|Dest:Fall|
---------------+---------+---------+---------+---------+
clk            |    7.644|         |         |         |
---------------+---------+---------+---------+---------+


Analysis completed Tue May 11 21:04:33 2021 
--------------------------------------------------------------------------------

Trace Settings:
-------------------------
Trace Settings 

Peak Memory Usage: 4504 MB



