Release 14.7 - xst P.20131013 (nt64)
Copyright (c) 1995-2013 Xilinx, Inc.  All rights reserved.
--> Parameter TMPDIR set to xst/projnav.tmp


Total REAL time to Xst completion: 0.00 secs
Total CPU time to Xst completion: 0.12 secs
 
--> Parameter xsthdpdir set to xst


Total REAL time to Xst completion: 0.00 secs
Total CPU time to Xst completion: 0.13 secs
 
--> Reading design: LedCPUcore.prj

TABLE OF CONTENTS
  1) Synthesis Options Summary
  2) HDL Compilation
  3) Design Hierarchy Analysis
  4) HDL Analysis
  5) HDL Synthesis
     5.1) HDL Synthesis Report
  6) Advanced HDL Synthesis
     6.1) Advanced HDL Synthesis Report
  7) Low Level Synthesis
  8) Partition Report
  9) Final Report
	9.1) Device utilization summary
	9.2) Partition Resource Summary
	9.3) TIMING REPORT


=========================================================================
*                      Synthesis Options Summary                        *
=========================================================================
---- Source Parameters
Input File Name                    : "LedCPUcore.prj"
Input Format                       : mixed
Ignore Synthesis Constraint File   : NO

---- Target Parameters
Output File Name                   : "LedCPUcore"
Output Format                      : NGC
Target Device                      : xc3s100e-4-cp132

---- Source Options
Top Module Name                    : LedCPUcore
Automatic FSM Extraction           : YES
FSM Encoding Algorithm             : Auto
Safe Implementation                : No
FSM Style                          : LUT
RAM Extraction                     : Yes
RAM Style                          : Auto
ROM Extraction                     : Yes
Mux Style                          : Auto
Decoder Extraction                 : YES
Priority Encoder Extraction        : Yes
Shift Register Extraction          : YES
Logical Shifter Extraction         : YES
XOR Collapsing                     : YES
ROM Style                          : Auto
Mux Extraction                     : Yes
Resource Sharing                   : YES
Asynchronous To Synchronous        : NO
Multiplier Style                   : Auto
Automatic Register Balancing       : No

---- Target Options
Add IO Buffers                     : YES
Global Maximum Fanout              : 100000
Add Generic Clock Buffer(BUFG)     : 24
Register Duplication               : YES
Slice Packing                      : YES
Optimize Instantiated Primitives   : NO
Use Clock Enable                   : Yes
Use Synchronous Set                : Yes
Use Synchronous Reset              : Yes
Pack IO Registers into IOBs        : Auto
Equivalent register Removal        : YES

---- General Options
Optimization Goal                  : Speed
Optimization Effort                : 1
Keep Hierarchy                     : No
Netlist Hierarchy                  : As_Optimized
RTL Output                         : Yes
Global Optimization                : AllClockNets
Read Cores                         : YES
Write Timing Constraints           : NO
Cross Clock Analysis               : NO
Hierarchy Separator                : /
Bus Delimiter                      : <>
Case Specifier                     : Maintain
Slice Utilization Ratio            : 100
BRAM Utilization Ratio             : 100
Verilog 2001                       : YES
Auto BRAM Packing                  : NO
Slice Utilization Ratio Delta      : 5

=========================================================================


=========================================================================
*                          HDL Compilation                              *
=========================================================================
Compiling verilog file "Delay.v" in library work
Compiling verilog file "LedCPUcore.v" in library work
Module <Delay> compiled
Module <LedCPUcore> compiled
No errors in compilation
Analysis of file <"LedCPUcore.prj"> succeeded.
 

=========================================================================
*                     Design Hierarchy Analysis                         *
=========================================================================
Analyzing hierarchy for module <LedCPUcore> in library <work> with parameters.
	FREQ_DELAY = "00000000001011111010111100001000"

Analyzing hierarchy for module <Delay> in library <work> with parameters.
	CNT_WDTH = "00000000000000000000000000011110"
	FREQ_DELAY = "00000000001011111010111100001000"


=========================================================================
*                            HDL Analysis                               *
=========================================================================
Analyzing top module <LedCPUcore>.
	FREQ_DELAY = 32'sb00000000001011111010111100001000
WARNING:Xst:916 - "LedCPUcore.v" line 24: Delay is ignored for synthesis.
WARNING:Xst:916 - "LedCPUcore.v" line 25: Delay is ignored for synthesis.
WARNING:Xst:916 - "LedCPUcore.v" line 26: Delay is ignored for synthesis.
WARNING:Xst:916 - "LedCPUcore.v" line 27: Delay is ignored for synthesis.
Module <LedCPUcore> is correct for synthesis.
 
Analyzing module <Delay> in library <work>.
	CNT_WDTH = 32'sb00000000000000000000000000011110
	FREQ_DELAY = 32'sb00000000001011111010111100001000
Module <Delay> is correct for synthesis.
 

=========================================================================
*                           HDL Synthesis                               *
=========================================================================

Performing bidirectional port resolution...

Synthesizing Unit <Delay>.
    Related source file is "Delay.v".
    Found 30-bit register for signal <timer>.
    Found 30-bit adder for signal <timerNext$addsub0000> created at line 19.
    Summary:
	inferred  30 D-type flip-flop(s).
	inferred   1 Adder/Subtractor(s).
Unit <Delay> synthesized.


Synthesizing Unit <LedCPUcore>.
    Related source file is "LedCPUcore.v".
    Found 8-bit up counter for signal <addrRd>.
    Found 8-bit register for signal <outPattern>.
    Found 8-bit comparator equal for signal <addrRd$cmp_eq0001> created at line 48.
    Found 8-bit comparator not equal for signal <outPattern$cmp_ne0000> created at line 48.
    Found 8-bit up counter for signal <processTime>.
    Found 1-bit register for signal <state>.
    Summary:
	inferred   2 Counter(s).
	inferred   9 D-type flip-flop(s).
	inferred   2 Comparator(s).
Unit <LedCPUcore> synthesized.


=========================================================================
HDL Synthesis Report

Macro Statistics
# Adders/Subtractors                                   : 1
 30-bit adder                                          : 1
# Counters                                             : 2
 8-bit up counter                                      : 2
# Registers                                            : 2
 30-bit register                                       : 1
 8-bit register                                        : 1
# Comparators                                          : 2
 8-bit comparator equal                                : 1
 8-bit comparator not equal                            : 1

=========================================================================

=========================================================================
*                       Advanced HDL Synthesis                          *
=========================================================================


=========================================================================
Advanced HDL Synthesis Report

Macro Statistics
# Adders/Subtractors                                   : 1
 30-bit adder                                          : 1
# Counters                                             : 2
 8-bit up counter                                      : 2
# Registers                                            : 38
 Flip-Flops                                            : 38
# Comparators                                          : 2
 8-bit comparator equal                                : 1
 8-bit comparator not equal                            : 1

=========================================================================

=========================================================================
*                         Low Level Synthesis                           *
=========================================================================

Optimizing unit <LedCPUcore> ...

Optimizing unit <Delay> ...

Mapping all equations...
Building and optimizing final netlist ...
Found area constraint ratio of 100 (+ 5) on block LedCPUcore, actual ratio is 6.

Final Macro Processing ...

=========================================================================
Final Register Report

Macro Statistics
# Registers                                            : 54
 Flip-Flops                                            : 54

=========================================================================

=========================================================================
*                           Partition Report                            *
=========================================================================

Partition Implementation Status
-------------------------------

  No Partitions were found in this design.

-------------------------------

=========================================================================
*                            Final Report                               *
=========================================================================
Final Results
RTL Top Level Output File Name     : LedCPUcore.ngr
Top Level Output File Name         : LedCPUcore
Output Format                      : NGC
Optimization Goal                  : Speed
Keep Hierarchy                     : No

Design Statistics
# IOs                              : 34

Cell Usage :
# BELS                             : 205
#      GND                         : 1
#      INV                         : 3
#      LUT1                        : 43
#      LUT2                        : 3
#      LUT3                        : 3
#      LUT4                        : 54
#      LUT4_L                      : 3
#      MUXCY                       : 48
#      VCC                         : 1
#      XORCY                       : 46
# FlipFlops/Latches                : 54
#      FD                          : 30
#      FDRE                        : 24
# Clock Buffers                    : 1
#      BUFGP                       : 1
# IO Buffers                       : 33
#      IBUF                        : 17
#      OBUF                        : 16
=========================================================================

Device utilization summary:
---------------------------

Selected Device : 3s100ecp132-4 

 Number of Slices:                       59  out of    960     6%  
 Number of Slice Flip Flops:             54  out of   1920     2%  
 Number of 4 input LUTs:                109  out of   1920     5%  
 Number of IOs:                          34
 Number of bonded IOBs:                  34  out of     83    40%  
 Number of GCLKs:                         1  out of     24     4%  

---------------------------
Partition Resource Summary:
---------------------------

  No Partitions were found in this design.

---------------------------


=========================================================================
TIMING REPORT

NOTE: THESE TIMING NUMBERS ARE ONLY A SYNTHESIS ESTIMATE.
      FOR ACCURATE TIMING INFORMATION PLEASE REFER TO THE TRACE REPORT
      GENERATED AFTER PLACE-and-ROUTE.

Clock Information:
------------------
-----------------------------------+------------------------+-------+
Clock Signal                       | Clock buffer(FF name)  | Load  |
-----------------------------------+------------------------+-------+
clk                                | BUFGP                  | 54    |
-----------------------------------+------------------------+-------+

Asynchronous Control Signals Information:
----------------------------------------
No asynchronous control signals found in this design

Timing Summary:
---------------
Speed Grade: -4

   Minimum period: 6.374ns (Maximum Frequency: 156.890MHz)
   Minimum input arrival time before clock: 8.294ns
   Maximum output required time after clock: 4.310ns
   Maximum combinational path delay: No path found

Timing Detail:
--------------
All values displayed in nanoseconds (ns)

=========================================================================
Timing constraint: Default period analysis for Clock 'clk'
  Clock period: 6.374ns (frequency: 156.890MHz)
  Total number of paths / destination ports: 1869 / 78
-------------------------------------------------------------------------
Delay:               6.374ns (Levels of Logic = 7)
  Source:            dly/timer_24 (FF)
  Destination:       processTime_0 (FF)
  Source Clock:      clk rising
  Destination Clock: clk rising

  Data Path: dly/timer_24 to processTime_0
                                Gate     Net
    Cell:in->out      fanout   Delay   Delay  Logical Name (Net Name)
    ----------------------------------------  ------------
     FD:C->Q               2   0.591   0.622  dly/timer_24 (dly/timer_24)
     LUT2:I0->O            1   0.704   0.000  dly/out1_wg_lut<0> (dly/out1_wg_lut<0>)
     MUXCY:S->O            1   0.464   0.000  dly/out1_wg_cy<0> (dly/out1_wg_cy<0>)
     MUXCY:CI->O           1   0.059   0.000  dly/out1_wg_cy<1> (dly/out1_wg_cy<1>)
     MUXCY:CI->O           1   0.059   0.000  dly/out1_wg_cy<2> (dly/out1_wg_cy<2>)
     MUXCY:CI->O           1   0.059   0.000  dly/out1_wg_cy<3> (dly/out1_wg_cy<3>)
     MUXCY:CI->O          31   0.459   1.341  dly/out1_wg_cy<4> (dly/N01)
     LUT2:I1->O            8   0.704   0.757  processTime_not000175 (processTime_not0001)
     FDRE:CE                   0.555          processTime_0
    ----------------------------------------
    Total                      6.374ns (3.654ns logic, 2.720ns route)
                                       (57.3% logic, 42.7% route)

=========================================================================
Timing constraint: Default OFFSET IN BEFORE for Clock 'clk'
  Total number of paths / destination ports: 582 / 94
-------------------------------------------------------------------------
Offset:              8.294ns (Levels of Logic = 5)
  Source:            dataRd<3> (PAD)
  Destination:       processTime_0 (FF)
  Destination Clock: clk rising

  Data Path: dataRd<3> to processTime_0
                                Gate     Net
    Cell:in->out      fanout   Delay   Delay  Logical Name (Net Name)
    ----------------------------------------  ------------
     IBUF:I->O             2   1.218   0.622  dataRd_3_IBUF (dataRd_3_IBUF)
     LUT4:I0->O           12   0.704   1.136  addrRd_cmp_eq000012 (addrRd_cmp_eq000012)
     LUT2:I0->O            1   0.704   0.595  addrRd_cmp_eq000026 (addrRd_not0002_inv)
     LUT4:I0->O            1   0.704   0.595  processTime_not000161 (processTime_not000161)
     LUT2:I0->O            8   0.704   0.757  processTime_not000175 (processTime_not0001)
     FDRE:CE                   0.555          processTime_0
    ----------------------------------------
    Total                      8.294ns (4.589ns logic, 3.705ns route)
                                       (55.3% logic, 44.7% route)

=========================================================================
Timing constraint: Default OFFSET OUT AFTER for Clock 'clk'
  Total number of paths / destination ports: 16 / 16
-------------------------------------------------------------------------
Offset:              4.310ns (Levels of Logic = 1)
  Source:            addrRd_7 (FF)
  Destination:       addrRd<7> (PAD)
  Source Clock:      clk rising

  Data Path: addrRd_7 to addrRd<7>
                                Gate     Net
    Cell:in->out      fanout   Delay   Delay  Logical Name (Net Name)
    ----------------------------------------  ------------
     FDRE:C->Q             2   0.591   0.447  addrRd_7 (addrRd_7)
     OBUF:I->O                 3.272          addrRd_7_OBUF (addrRd<7>)
    ----------------------------------------
    Total                      4.310ns (3.863ns logic, 0.447ns route)
                                       (89.6% logic, 10.4% route)

=========================================================================


Total REAL time to Xst completion: 4.00 secs
Total CPU time to Xst completion: 4.25 secs
 
--> 

Total memory usage is 4514452 kilobytes

Number of errors   :    0 (   0 filtered)
Number of warnings :    4 (   0 filtered)
Number of infos    :    0 (   0 filtered)

