Command line:
   calc_tb_isim_beh.exe
     -simmode  gui
     -simrunnum  0
     -socket  62307

Sat May 01 22:58:08 2021


 Elaboration Time: 0.015625 sec

 Current Memory Usage: 5150.92 Meg

 Total Signals          : 6
 Total Nets             : 20
 Total Signal Drivers   : 6
 Total Blocks           : 2
 Total Primitive Blocks : 1
 Total Processes        : 13
 Total Traceable Variables  : 18
 Total Scalar Nets and Variables : 418
Total Line Count : 96

 Total Simulation Time: 0.015625 sec

 Current Memory Usage: 4679.07 Meg

Sun May 02 09:21:53 2021

