Running: C:\Xilinx\14.7\ISE_DS\ISE\bin\nt64\unwrapped\fuse.exe -intstyle ise -incremental -lib unisims_ver -lib unimacro_ver -lib xilinxcorelib_ver -o C:/Users/Tugcan/Desktop/CS240/lab09/lab9/tb_isim_beh.exe -prj C:/Users/Tugcan/Desktop/CS240/lab09/lab9/tb_beh.prj work.tb work.glbl 
ISim P.20131013 (signature 0x7708f090)
Number of CPUs detected in this system: 12
Turning on mult-threading, number of parallel sub-compilation jobs: 24 
Determining compilation order of HDL files
Analyzing Verilog file "C:/Users/Tugcan/Desktop/CS240/lab09/lab9/VSCPU.v" into library work
Analyzing Verilog file "C:/Users/Tugcan/Desktop/CS240/lab09/lab9/blram.v" into library work
Analyzing Verilog file "C:/Users/Tugcan/Desktop/CS240/lab09/lab9/VSCPU_tb.v" into library work
Analyzing Verilog file "C:/Xilinx/14.7/ISE_DS/ISE//verilog/src/glbl.v" into library work
Starting static elaboration
Completed static elaboration
Compiling module SimpleCPU
Compiling module blram(ADDR_LEN=14,MEM_DEPTH=1638...
Compiling module tb
Compiling module glbl
Time Resolution for simulation is 1ps.
Compiled 4 Verilog Units
Built simulation executable C:/Users/Tugcan/Desktop/CS240/lab09/lab9/tb_isim_beh.exe
Fuse Memory Usage: 28776 KB
Fuse CPU Usage: 327 ms
