Release 14.7 - xst P.20131013 (nt64)
Copyright (c) 1995-2013 Xilinx, Inc.  All rights reserved.
--> Parameter TMPDIR set to xst/projnav.tmp


Total REAL time to Xst completion: 0.00 secs
Total CPU time to Xst completion: 0.09 secs
 
--> Parameter xsthdpdir set to xst


Total REAL time to Xst completion: 0.00 secs
Total CPU time to Xst completion: 0.09 secs
 
--> Reading design: calc.prj

TABLE OF CONTENTS
  1) Synthesis Options Summary
  2) HDL Compilation
  3) Design Hierarchy Analysis
  4) HDL Analysis
  5) HDL Synthesis
     5.1) HDL Synthesis Report
  6) Advanced HDL Synthesis
     6.1) Advanced HDL Synthesis Report
  7) Low Level Synthesis
  8) Partition Report
  9) Final Report
	9.1) Device utilization summary
	9.2) Partition Resource Summary
	9.3) TIMING REPORT


=========================================================================
*                      Synthesis Options Summary                        *
=========================================================================
---- Source Parameters
Input File Name                    : "calc.prj"
Input Format                       : mixed
Ignore Synthesis Constraint File   : NO

---- Target Parameters
Output File Name                   : "calc"
Output Format                      : NGC
Target Device                      : xc3s100e-4-cp132

---- Source Options
Top Module Name                    : calc
Automatic FSM Extraction           : YES
FSM Encoding Algorithm             : Auto
Safe Implementation                : No
FSM Style                          : LUT
RAM Extraction                     : Yes
RAM Style                          : Auto
ROM Extraction                     : Yes
Mux Style                          : Auto
Decoder Extraction                 : YES
Priority Encoder Extraction        : Yes
Shift Register Extraction          : YES
Logical Shifter Extraction         : YES
XOR Collapsing                     : YES
ROM Style                          : Auto
Mux Extraction                     : Yes
Resource Sharing                   : YES
Asynchronous To Synchronous        : NO
Multiplier Style                   : Auto
Automatic Register Balancing       : No

---- Target Options
Add IO Buffers                     : YES
Global Maximum Fanout              : 500
Add Generic Clock Buffer(BUFG)     : 24
Register Duplication               : YES
Slice Packing                      : YES
Optimize Instantiated Primitives   : NO
Use Clock Enable                   : Yes
Use Synchronous Set                : Yes
Use Synchronous Reset              : Yes
Pack IO Registers into IOBs        : Auto
Equivalent register Removal        : YES

---- General Options
Optimization Goal                  : Speed
Optimization Effort                : 1
Keep Hierarchy                     : No
Netlist Hierarchy                  : As_Optimized
RTL Output                         : Yes
Global Optimization                : AllClockNets
Read Cores                         : YES
Write Timing Constraints           : NO
Cross Clock Analysis               : NO
Hierarchy Separator                : /
Bus Delimiter                      : <>
Case Specifier                     : Maintain
Slice Utilization Ratio            : 100
BRAM Utilization Ratio             : 100
Verilog 2001                       : YES
Auto BRAM Packing                  : NO
Slice Utilization Ratio Delta      : 5

=========================================================================


=========================================================================
*                          HDL Compilation                              *
=========================================================================
Compiling verilog file "../Calculator/calc.v" in library work
Module <calc> compiled
No errors in compilation
Analysis of file <"calc.prj"> succeeded.
 

=========================================================================
*                     Design Hierarchy Analysis                         *
=========================================================================
Analyzing hierarchy for module <calc> in library <work>.


=========================================================================
*                            HDL Analysis                               *
=========================================================================
Analyzing top module <calc>.
WARNING:Xst:916 - "../Calculator/calc.v" line 16: Delay is ignored for synthesis.
WARNING:Xst:916 - "../Calculator/calc.v" line 17: Delay is ignored for synthesis.
WARNING:Xst:916 - "../Calculator/calc.v" line 18: Delay is ignored for synthesis.
WARNING:Xst:916 - "../Calculator/calc.v" line 19: Delay is ignored for synthesis.
WARNING:Xst:916 - "../Calculator/calc.v" line 20: Delay is ignored for synthesis.
Module <calc> is correct for synthesis.
 

=========================================================================
*                           HDL Synthesis                               *
=========================================================================

Performing bidirectional port resolution...

Synthesizing Unit <calc>.
    Related source file is "../Calculator/calc.v".
    Found finite state machine <FSM_0> for signal <state>.
    -----------------------------------------------------------------------
    | States             | 3                                              |
    | Transitions        | 15                                             |
    | Inputs             | 10                                             |
    | Outputs            | 5                                              |
    | Clock              | clk                       (rising_edge)        |
    | Reset              | rst                       (positive)           |
    | Reset type         | synchronous                                    |
    | Reset State        | 00                                             |
    | Encoding           | automatic                                      |
    | Implementation     | LUT                                            |
    -----------------------------------------------------------------------
WARNING:Xst:643 - "../Calculator/calc.v" line 82: The result of a 8x8-bit multiplication is partially used. Only the 8 least significant bits are used. If you are doing this on purpose, you may safely ignore this warning. Otherwise, make sure you are not losing information, leading to unexpected circuit behavior.
WARNING:Xst:643 - "../Calculator/calc.v" line 55: The result of a 8x8-bit multiplication is partially used. Only the 8 least significant bits are used. If you are doing this on purpose, you may safely ignore this warning. Otherwise, make sure you are not losing information, leading to unexpected circuit behavior.
    Found 8-bit register for signal <dataOut>.
    Found 8-bit addsub for signal <dataOut$share0000> created at line 34.
    Found 8x8-bit multiplier for signal <dataOutNext$mult0002> created at line 55.
    Found 8x8-bit multiplier for signal <dataOutNext$mult0003> created at line 82.
    Found 8-bit register for signal <number>.
    Found 3-bit register for signal <operation>.
    Found 1-bit register for signal <validIn_d>.
    Summary:
	inferred   1 Finite State Machine(s).
	inferred  20 D-type flip-flop(s).
	inferred   1 Adder/Subtractor(s).
	inferred   2 Multiplier(s).
Unit <calc> synthesized.

INFO:Xst:1767 - HDL ADVISOR - Resource sharing has identified that some arithmetic operations in this design can share the same physical resources for reduced device utilization. For improved clock frequency you may try to disable resource sharing.

=========================================================================
HDL Synthesis Report

Macro Statistics
# Multipliers                                          : 2
 8x8-bit multiplier                                    : 2
# Adders/Subtractors                                   : 1
 8-bit addsub                                          : 1
# Registers                                            : 4
 1-bit register                                        : 1
 3-bit register                                        : 1
 8-bit register                                        : 2

=========================================================================

=========================================================================
*                       Advanced HDL Synthesis                          *
=========================================================================

Analyzing FSM <FSM_0> for best encoding.
Optimizing FSM <state/FSM> on signal <state[1:2]> with user encoding.
-------------------
 State | Encoding
-------------------
 00    | 00
 01    | 01
 10    | 10
-------------------

Synthesizing (advanced) Unit <calc>.
	Found pipelined multiplier on signal <dataOutNext_mult0003>:
		- 1 pipeline level(s) found in a register on signal <number>.
		Pushing register(s) into the multiplier macro.
	Found pipelined multiplier on signal <dataOutNext_mult0002>:
		- 1 pipeline level(s) found in a register on signal <number>.
		Pushing register(s) into the multiplier macro.

		- 1 pipeline level(s) found in a register on signal <number>.
		Pushing register(s) into the multiplier macro.
INFO:Xst:2385 - HDL ADVISOR - You can improve the performance of the multiplier Mmult_dataOutNext_mult0003 by adding 1 register level(s).
INFO:Xst:2385 - HDL ADVISOR - You can improve the performance of the multiplier Mmult_dataOutNext_mult0002 by adding 1 register level(s).
Unit <calc> synthesized (advanced).

=========================================================================
Advanced HDL Synthesis Report

Macro Statistics
# FSMs                                                 : 1
# Multipliers                                          : 2
 8x8-bit registered multiplier                         : 2
# Adders/Subtractors                                   : 1
 8-bit addsub                                          : 1
# Registers                                            : 20
 Flip-Flops                                            : 20

=========================================================================

=========================================================================
*                         Low Level Synthesis                           *
=========================================================================

Optimizing unit <calc> ...

Mapping all equations...
Building and optimizing final netlist ...
Found area constraint ratio of 100 (+ 5) on block calc, actual ratio is 5.
FlipFlop state_FSM_FFd2 has been replicated 1 time(s)

Final Macro Processing ...

=========================================================================
Final Register Report

Macro Statistics
# Registers                                            : 23
 Flip-Flops                                            : 23

=========================================================================

=========================================================================
*                           Partition Report                            *
=========================================================================

Partition Implementation Status
-------------------------------

  No Partitions were found in this design.

-------------------------------

=========================================================================
*                            Final Report                               *
=========================================================================
Final Results
RTL Top Level Output File Name     : calc.ngr
Top Level Output File Name         : calc
Output Format                      : NGC
Optimization Goal                  : Speed
Keep Hierarchy                     : No

Design Statistics
# IOs                              : 19

Cell Usage :
# BELS                             : 108
#      GND                         : 1
#      LUT2                        : 6
#      LUT2_D                      : 2
#      LUT3                        : 9
#      LUT3_D                      : 4
#      LUT3_L                      : 2
#      LUT4                        : 51
#      LUT4_D                      : 1
#      LUT4_L                      : 13
#      MUXCY                       : 7
#      MUXF5                       : 3
#      VCC                         : 1
#      XORCY                       : 8
# FlipFlops/Latches                : 23
#      FD                          : 1
#      FDR                         : 2
#      FDRE                        : 11
#      FDRS                        : 9
# Clock Buffers                    : 1
#      BUFGP                       : 1
# IO Buffers                       : 18
#      IBUF                        : 10
#      OBUF                        : 8
# MULTs                            : 2
#      MULT18X18SIO                : 2
=========================================================================

Device utilization summary:
---------------------------

Selected Device : 3s100ecp132-4 

 Number of Slices:                       47  out of    960     4%  
 Number of Slice Flip Flops:             23  out of   1920     1%  
 Number of 4 input LUTs:                 88  out of   1920     4%  
 Number of IOs:                          19
 Number of bonded IOBs:                  19  out of     83    22%  
 Number of MULT18X18SIOs:                 2  out of      4    50%  
 Number of GCLKs:                         1  out of     24     4%  

---------------------------
Partition Resource Summary:
---------------------------

  No Partitions were found in this design.

---------------------------


=========================================================================
TIMING REPORT

NOTE: THESE TIMING NUMBERS ARE ONLY A SYNTHESIS ESTIMATE.
      FOR ACCURATE TIMING INFORMATION PLEASE REFER TO THE TRACE REPORT
      GENERATED AFTER PLACE-and-ROUTE.

Clock Information:
------------------
-----------------------------------+------------------------+-------+
Clock Signal                       | Clock buffer(FF name)  | Load  |
-----------------------------------+------------------------+-------+
clk                                | BUFGP                  | 25    |
-----------------------------------+------------------------+-------+

Asynchronous Control Signals Information:
----------------------------------------
No asynchronous control signals found in this design

Timing Summary:
---------------
Speed Grade: -4

   Minimum period: 8.419ns (Maximum Frequency: 118.779MHz)
   Minimum input arrival time before clock: 11.663ns
   Maximum output required time after clock: 4.450ns
   Maximum combinational path delay: No path found

Timing Detail:
--------------
All values displayed in nanoseconds (ns)

=========================================================================
Timing constraint: Default period analysis for Clock 'clk'
  Clock period: 8.419ns (frequency: 118.779MHz)
  Total number of paths / destination ports: 636 / 34
-------------------------------------------------------------------------
Delay:               8.419ns (Levels of Logic = 7)
  Source:            operation_1 (FF)
  Destination:       dataOut_1 (FF)
  Source Clock:      clk rising
  Destination Clock: clk rising

  Data Path: operation_1 to dataOut_1
                                Gate     Net
    Cell:in->out      fanout   Delay   Delay  Logical Name (Net Name)
    ----------------------------------------  ------------
     FDRE:C->Q            12   0.591   0.996  operation_1 (operation_1)
     LUT3_L:I2->LO         1   0.704   0.104  dataOut_mux000219 (dataOut_mux000219)
     LUT4:I3->O            6   0.704   0.673  dataOut_mux000230 (dataOut_mux0002)
     LUT4:I3->O            1   0.704   0.000  Maddsub_dataOut_share0000_lut<0> (Maddsub_dataOut_share0000_lut<0>)
     MUXCY:S->O            1   0.464   0.000  Maddsub_dataOut_share0000_cy<0> (Maddsub_dataOut_share0000_cy<0>)
     XORCY:CI->O           3   0.804   0.535  Maddsub_dataOut_share0000_xor<1> (dataOut_share0000<1>)
     LUT4:I3->O            1   0.704   0.424  dataOut_mux0000<1>52 (dataOut_mux0000<1>52)
     LUT4:I3->O            1   0.704   0.000  dataOut_mux0000<1>109 (dataOut_mux0000<1>109)
     FDRS:D                    0.308          dataOut_1
    ----------------------------------------
    Total                      8.419ns (5.687ns logic, 2.732ns route)
                                       (67.5% logic, 32.5% route)

=========================================================================
Timing constraint: Default OFFSET IN BEFORE for Clock 'clk'
  Total number of paths / destination ports: 886 / 95
-------------------------------------------------------------------------
Offset:              11.663ns (Levels of Logic = 9)
  Source:            dataIn<6> (PAD)
  Destination:       dataOut_1 (FF)
  Destination Clock: clk rising

  Data Path: dataIn<6> to dataOut_1
                                Gate     Net
    Cell:in->out      fanout   Delay   Delay  Logical Name (Net Name)
    ----------------------------------------  ------------
     IBUF:I->O             8   1.218   0.932  dataIn_6_IBUF (dataIn_6_IBUF)
     LUT4:I0->O            1   0.704   0.000  operation_not000111 (operation_not00011)
     MUXF5:I0->O           6   0.321   0.704  operation_not00011_f5 (N13)
     LUT3:I2->O            3   0.704   0.706  state_FSM_FFd2-In_SW0 (N02)
     LUT4:I0->O            2   0.704   0.482  dataOut_mux0000<3>11_SW1 (N7)
     LUT4:I2->O            2   0.704   0.447  dataOut_mux0000<3>11 (N6)
     MUXF5:S->O            1   0.739   0.455  dataOut_mux0000<1>9_SW0 (N172)
     LUT3_L:I2->LO         1   0.704   0.104  dataOut_mux0000<1>15 (dataOut_mux0000<1>15)
     LUT4:I3->O            1   0.704   0.420  dataOut_mux0000<1>36 (dataOut_mux0000<1>36)
     FDRS:S                    0.911          dataOut_1
    ----------------------------------------
    Total                     11.663ns (7.413ns logic, 4.250ns route)
                                       (63.6% logic, 36.4% route)

=========================================================================
Timing constraint: Default OFFSET OUT AFTER for Clock 'clk'
  Total number of paths / destination ports: 8 / 8
-------------------------------------------------------------------------
Offset:              4.450ns (Levels of Logic = 1)
  Source:            dataOut_2 (FF)
  Destination:       dataOut<2> (PAD)
  Source Clock:      clk rising

  Data Path: dataOut_2 to dataOut<2>
                                Gate     Net
    Cell:in->out      fanout   Delay   Delay  Logical Name (Net Name)
    ----------------------------------------  ------------
     FDRS:C->Q             4   0.591   0.587  dataOut_2 (dataOut_2)
     OBUF:I->O                 3.272          dataOut_2_OBUF (dataOut<2>)
    ----------------------------------------
    Total                      4.450ns (3.863ns logic, 0.587ns route)
                                       (86.8% logic, 13.2% route)

=========================================================================


Total REAL time to Xst completion: 4.00 secs
Total CPU time to Xst completion: 4.31 secs
 
--> 

Total memory usage is 4514488 kilobytes

Number of errors   :    0 (   0 filtered)
Number of warnings :    7 (   0 filtered)
Number of infos    :    3 (   0 filtered)

