ISim log file
Running: C:\Users\Tugcan\Desktop\CS240\lab07\calc\calc_tb_isim_beh.exe -intstyle ise -gui -tclbatch isim.cmd -wdb C:/Users/Tugcan/Desktop/CS240/lab07/calc/calc_tb_isim_beh.wdb 
ISim P.20131013 (signature 0x7708f090)
WARNING: A WEBPACK license was found.
WARNING: Please use Xilinx License Configuration Manager to check out a full ISim license.
WARNING: ISim will run in Lite mode. Please refer to the ISim documentation for more information on the differences between the Lite and the Full version.
This is a Lite version of ISim.
Time resolution is 1 ps
# onerror resume
# wave add /
# run 1000 ns
Simulator is doing circuit initialization process.
Finished circuit initialization process.
True Value at time                   70, expected   0, received   0, data #          0
True Value at time                  100, expected   4, received   4, data #          1
True Value at time                  130, expected   0, received   0, data #          2
True Value at time                  160, expected  12, received  12, data #          3
True Value at time                  190, expected   4, received   4, data #          4
True Value at time                  220, expected   1, received   1, data #          5
True Value at time                  250, expected   7, received   7, data #          6
True Value at time                  280, expected   4, received   4, data #          7
True Value at time                  310, expected   2, received   2, data #          8
True Value at time                  340, expected   1, received   1, data #          9
True Value at time                  370, expected   8, received   8, data #         10
True Value at time                  400, expected  64, received  64, data #         11
True Value at time                  430, expected   9, received   9, data #         12
True Value at time                  460, expected  11, received  11, data #         13
True Value at time                  490, expected  10, received  10, data #         14
Design contains no errors.. Well done !!!
Stopped at time : 560 ns : File "C:/Users/Tugcan/Desktop/CS240/lab07/calc/calc_tb.v" Line 50
